<?xml version="1.0" encoding="UTF-8"?>
<!-- Generated by org.testng.reporters.JUnitReportReporter -->
<testsuite hostname="AS101353" failures="0" tests="5" name="tests.LoginTest" time="0.391" errors="0" timestamp="2023-01-03T03:34:48 CST" skipped="0">
  <testcase classname="tests.LoginTest" name="doLogin" time="0.173"/>
  <system-out/>
  <testcase classname="tests.LoginTest" name="loginPageURLTest" time="0.005"/>
  <system-out/>
  <testcase classname="tests.LoginTest" name="doLogin" time="0.095"/>
  <system-out/>
  <testcase classname="tests.LoginTest" name="doLogin" time="0.112"/>
  <system-out/>
  <testcase classname="tests.LoginTest" name="loginTitleTest" time="0.006"/>
  <system-out/>
</testsuite> <!-- tests.LoginTest -->
